# JRE version: Java(TM) SE Runtime Environment (8.0_73-b02) (build 1.8.0_73-b02)
# Java VM: Java HotSpot(TM) 64-Bit Server VM (25.73-b02 mixed mode windows-amd64 compressed oops)
Heap:
 PSYoungGen      total 93184K, used 63226K [0x00000000eb300000, 0x00000000f6780000, 0x0000000100000000)
  eden space 47104K, 49% used [0x00000000eb300000,0x00000000ec995cb0,0x00000000ee100000)
  from space 46080K, 87% used [0x00000000ee100000,0x00000000f0828cc0,0x00000000f0e00000)
  to   space 51712K, 0% used [0x00000000f3500000,0x00000000f3500000,0x00000000f6780000)
 ParOldGen       total 103424K, used 40570K [0x00000000c1800000, 0x00000000c7d00000, 0x00000000eb300000)
  object space 103424K, 39% used [0x00000000c1800000,0x00000000c3f9e9d8,0x00000000c7d00000)
 Metaspace       used 15230K, capacity 15490K, committed 15616K, reserved 1062912K
  class space    used 1676K, capacity 1780K, committed 1792K, reserved 1048576K
GC Heap History (10 events):
Event: 10.089 GC heap before
{Heap before GC invocations=5 (full 1):
 PSYoungGen      total 18944K, used 18932K [0x00000000eb300000, 0x00000000ed580000, 0x0000000100000000)
  eden space 16384K, 100% used [0x00000000eb300000,0x00000000ec300000,0x00000000ec300000)
  from space 2560K, 99% used [0x00000000ec300000,0x00000000ec57d1d8,0x00000000ec580000)
  to   space 2560K, 0% used [0x00000000ed300000,0x00000000ed300000,0x00000000ed580000)
 ParOldGen       total 67584K, used 31038K [0x00000000c1800000, 0x00000000c5a00000, 0x00000000eb300000)
  object space 67584K, 45% used [0x00000000c1800000,0x00000000c364fb78,0x00000000c5a00000)
 Metaspace       used 14598K, capacity 14802K, committed 15104K, reserved 1062912K
  class space    used 1625K, capacity 1708K, committed 1792K, reserved 1048576K
Event: 10.096 GC heap after
Heap after GC invocations=5 (full 1):
 PSYoungGen      total 31744K, used 2558K [0x00000000eb300000, 0x00000000ed580000, 0x0000000100000000)
  eden space 29184K, 0% used [0x00000000eb300000,0x00000000eb300000,0x00000000ecf80000)
  from space 2560K, 99% used [0x00000000ed300000,0x00000000ed57f890,0x00000000ed580000)
  to   space 2560K, 0% used [0x00000000ed080000,0x00000000ed080000,0x00000000ed300000)
 ParOldGen       total 67584K, used 37822K [0x00000000c1800000, 0x00000000c5a00000, 0x00000000eb300000)
  object space 67584K, 55% used [0x00000000c1800000,0x00000000c3cefa98,0x00000000c5a00000)
 Metaspace       used 14598K, capacity 14802K, committed 15104K, reserved 1062912K
  class space    used 1625K, capacity 1708K, committed 1792K, reserved 1048576K
}
Event: 13.188 GC heap before
{Heap before GC invocations=6 (full 1):
 PSYoungGen      total 31744K, used 31742K [0x00000000eb300000, 0x00000000ed580000, 0x0000000100000000)
  eden space 29184K, 100% used [0x00000000eb300000,0x00000000ecf80000,0x00000000ecf80000)
  from space 2560K, 99% used [0x00000000ed300000,0x00000000ed57f890,0x00000000ed580000)
  to   space 2560K, 0% used [0x00000000ed080000,0x00000000ed080000,0x00000000ed300000)
 ParOldGen       total 67584K, used 37822K [0x00000000c1800000, 0x00000000c5a00000, 0x00000000eb300000)
  object space 67584K, 55% used [0x00000000c1800000,0x00000000c3cefa98,0x00000000c5a00000)
 Metaspace       used 14767K, capacity 15026K, committed 15360K, reserved 1062912K
  class space    used 1646K, capacity 1740K, committed 1792K, reserved 1048576K
Event: 13.208 GC heap after
Heap after GC invocations=6 (full 1):
 PSYoungGen      total 32768K, used 2544K [0x00000000eb300000, 0x00000000f3780000, 0x0000000100000000)
  eden space 30208K, 0% used [0x00000000eb300000,0x00000000eb300000,0x00000000ed080000)
  from space 2560K, 99% used [0x00000000ed080000,0x00000000ed2fc330,0x00000000ed300000)
  to   space 42496K, 0% used [0x00000000f0e00000,0x00000000f0e00000,0x00000000f3780000)
 ParOldGen       total 77824K, used 73661K [0x00000000c1800000, 0x00000000c6400000, 0x00000000eb300000)
  object space 77824K, 94% used [0x00000000c1800000,0x00000000c5fef768,0x00000000c6400000)
 Metaspace       used 14767K, capacity 15026K, committed 15360K, reserved 1062912K
  class space    used 1646K, capacity 1740K, committed 1792K, reserved 1048576K
}
Event: 13.208 GC heap before
{Heap before GC invocations=7 (full 2):
 PSYoungGen      total 32768K, used 2544K [0x00000000eb300000, 0x00000000f3780000, 0x0000000100000000)
  eden space 30208K, 0% used [0x00000000eb300000,0x00000000eb300000,0x00000000ed080000)
  from space 2560K, 99% used [0x00000000ed080000,0x00000000ed2fc330,0x00000000ed300000)
  to   space 42496K, 0% used [0x00000000f0e00000,0x00000000f0e00000,0x00000000f3780000)
 ParOldGen       total 77824K, used 73661K [0x00000000c1800000, 0x00000000c6400000, 0x00000000eb300000)
  object space 77824K, 94% used [0x00000000c1800000,0x00000000c5fef768,0x00000000c6400000)
 Metaspace       used 14767K, capacity 15026K, committed 15360K, reserved 1062912K
  class space    used 1646K, capacity 1740K, committed 1792K, reserved 1048576K
Event: 13.236 GC heap after
Heap after GC invocations=7 (full 2):
 PSYoungGen      total 32768K, used 0K [0x00000000eb300000, 0x00000000f3780000, 0x0000000100000000)
  eden space 30208K, 0% used [0x00000000eb300000,0x00000000eb300000,0x00000000ed080000)
  from space 2560K, 0% used [0x00000000ed080000,0x00000000ed080000,0x00000000ed300000)
  to   space 42496K, 0% used [0x00000000f0e00000,0x00000000f0e00000,0x00000000f3780000)
 ParOldGen       total 103424K, used 40554K [0x00000000c1800000, 0x00000000c7d00000, 0x00000000eb300000)
  object space 103424K, 39% used [0x00000000c1800000,0x00000000c3f9a9d8,0x00000000c7d00000)
 Metaspace       used 14767K, capacity 15026K, committed 15360K, reserved 1062912K
  class space    used 1646K, capacity 1740K, committed 1792K, reserved 1048576K
}
Event: 19.830 GC heap before
{Heap before GC invocations=8 (full 2):
 PSYoungGen      total 32768K, used 30208K [0x00000000eb300000, 0x00000000f3780000, 0x0000000100000000)
  eden space 30208K, 100% used [0x00000000eb300000,0x00000000ed080000,0x00000000ed080000)
  from space 2560K, 0% used [0x00000000ed080000,0x00000000ed080000,0x00000000ed300000)
  to   space 42496K, 0% used [0x00000000f0e00000,0x00000000f0e00000,0x00000000f3780000)
 ParOldGen       total 103424K, used 40554K [0x00000000c1800000, 0x00000000c7d00000, 0x00000000eb300000)
  object space 103424K, 39% used [0x00000000c1800000,0x00000000c3f9a9d8,0x00000000c7d00000)
 Metaspace       used 14932K, capacity 15198K, committed 15360K, reserved 1062912K
  class space    used 1672K, capacity 1774K, committed 1792K, reserved 1048576K
Event: 19.854 GC heap after
Heap after GC invocations=8 (full 2):
 PSYoungGen      total 89600K, used 32819K [0x00000000eb300000, 0x00000000f4180000, 0x0000000100000000)
  eden space 47104K, 0% used [0x00000000eb300000,0x00000000eb300000,0x00000000ee100000)
  from space 42496K, 77% used [0x00000000f0e00000,0x00000000f2e0cd50,0x00000000f3780000)
  to   space 46080K, 0% used [0x00000000ee100000,0x00000000ee100000,0x00000000f0e00000)
 ParOldGen       total 103424K, used 40562K [0x00000000c1800000, 0x00000000c7d00000, 0x00000000eb300000)
  object space 103424K, 39% used [0x00000000c1800000,0x00000000c3f9c9d8,0x00000000c7d00000)
 Metaspace       used 14932K, capacity 15198K, committed 15360K, reserved 1062912K
  class space    used 1672K, capacity 1774K, committed 1792K, reserved 1048576K
}
Event: 28.296 GC heap before
{Heap before GC invocations=9 (full 2):
 PSYoungGen      total 89600K, used 79923K [0x00000000eb300000, 0x00000000f4180000, 0x0000000100000000)
  eden space 47104K, 100% used [0x00000000eb300000,0x00000000ee100000,0x00000000ee100000)
  from space 42496K, 77% used [0x00000000f0e00000,0x00000000f2e0cd50,0x00000000f3780000)
  to   space 46080K, 0% used [0x00000000ee100000,0x00000000ee100000,0x00000000f0e00000)
 ParOldGen       total 103424K, used 40562K [0x00000000c1800000, 0x00000000c7d00000, 0x00000000eb300000)
  object space 103424K, 39% used [0x00000000c1800000,0x00000000c3f9c9d8,0x00000000c7d00000)
 Metaspace       used 15143K, capacity 15420K, committed 15616K, reserved 1062912K
  class space    used 1676K, capacity 1779K, committed 1792K, reserved 1048576K
Event: 28.322 GC heap after
Heap after GC invocations=9 (full 2):
 PSYoungGen      total 93184K, used 40099K [0x00000000eb300000, 0x00000000f6780000, 0x0000000100000000)
  eden space 47104K, 0% used [0x00000000eb300000,0x00000000eb300000,0x00000000ee100000)
  from space 46080K, 87% used [0x00000000ee100000,0x00000000f0828cc0,0x00000000f0e00000)
  to   space 51712K, 0% used [0x00000000f3500000,0x00000000f3500000,0x00000000f6780000)
 ParOldGen       total 103424K, used 40570K [0x00000000c1800000, 0x00000000c7d00000, 0x00000000eb300000)
  object space 103424K, 39% used [0x00000000c1800000,0x00000000c3f9e9d8,0x00000000c7d00000)
 Metaspace       used 15143K, capacity 15420K, committed 15616K, reserved 1062912K
  class space    used 1676K, capacity 1779K, committed 1792K, reserved 1048576K
}

